<?xml version="1.0" encoding="UTF-8"?>
<!-- Generated by org.testng.reporters.JUnitReportReporter -->
<testsuite skipped="0" hostname="DESKTOP-0TT7QUG" name="PracticeTestng.PracticalTestng" tests="1" failures="0" timestamp="9 Jul 2021 05:20:03 GMT" time="12.170" errors="0">
  <testcase name="TestNg" time="12.170" classname="PracticeTestng.PracticalTestng"/>
</testsuite> <!-- PracticeTestng.PracticalTestng -->
