<?xml version="1.0" encoding="UTF-8"?>
<!-- Generated by org.testng.reporters.JUnitReportReporter -->
<testsuite skipped="0" hostname="DESKTOP-0TT7QUG" name="PracticeTestng.TestEmployeeDetails" tests="2" failures="0" timestamp="10 Jul 2021 11:59:33 GMT" time="0.026" errors="0">
  <testcase name="testCalculateYearlySalary" time="0.002" classname="PracticeTestng.TestEmployeeDetails"/>
  <testcase name="testCalculateAppriasal" time="0.024" classname="PracticeTestng.TestEmployeeDetails"/>
</testsuite> <!-- PracticeTestng.TestEmployeeDetails -->
