<?xml version="1.0" encoding="UTF-8"?>
<!-- Generated by org.testng.reporters.JUnitReportReporter -->
<testsuite skipped="0" hostname="DESKTOP-0TT7QUG" name="DataDriven.PomMain" tests="1" failures="0" timestamp="9 Jul 2021 02:57:03 GMT" time="2.601" errors="0">
  <testcase name="test_Home_Page_Appear_Correct" time="2.601" classname="DataDriven.PomMain"/>
</testsuite> <!-- DataDriven.PomMain -->
